<?xml version="1.0" encoding="UTF-8"?>
<!-- Generated by org.testng.reporters.JUnitXMLReporter -->
<testsuite hostname="JASMEET-QA" tests="2" failures="1" timestamp="2 May 2018 07:24:49 GMT" time="58.052" errors="0">
  <testcase name="TC_Addwidget" time="7.172" classname="DemoTest">
    <failure type="java.lang.AssertionError" message="Widget not deleted expected [true] but found [false]">
      <![CDATA[java.lang.AssertionError: Widget not deleted expected [true] but found [false]
	at DemoTest.TC_Addwidget(DemoTest.java:111)
... Removed 26 stack frames]]>
    </failure>
  </testcase> <!-- TC_Addwidget -->
  <testcase name="TC_Fail" time="20.027" classname="DemoTest"/>
</testsuite>
